time="2026-07-11T00:38:27+05:30" level=warning msg="Docker Compose is configured to build using Bake, but buildx isn't installed"
#0 building with "default" instance using docker driver

#1 [web internal] load build definition from Dockerfile
#1 transferring dockerfile: 1.11kB done
#1 DONE 0.0s

#2 [web deps 1/5] FROM docker.io/library/node:22-alpine@sha256:16e22a550f3863206a3f701448c45f7912c6896a62de43add43bb9c86130c3e2
#2 resolve docker.io/library/node:22-alpine@sha256:16e22a550f3863206a3f701448c45f7912c6896a62de43add43bb9c86130c3e2 0.0s done
#2 CACHED

#3 [web builder 2/5] WORKDIR /app
#3 CACHED

#4 [web runner 3/9] RUN addgroup --system --gid 1001 nodejs
#4 DONE 0.3s

#5 [web runner 4/9] RUN adduser --system --uid 1001 nextjs
#5 DONE 0.2s

#6 [web internal] load metadata for docker.io/library/node:22-alpine
#6 DONE 0.0s

#7 [web internal] load .dockerignore
#7 transferring context: 370B done
#7 DONE 0.0s

#8 [web internal] load build context
#8 transferring context: 376.08kB 0.0s done
#8 DONE 0.0s

#9 [web deps 2/5] RUN apk add --no-cache libc6-compat
#9 22.87 (1/3) Installing musl-obstack (1.2.3-r2)
#9 23.04 (2/3) Installing libucontext (1.5.1-r0)
#9 23.19 (3/3) Installing gcompat (1.1.0-r4)
#9 25.93 OK: 11.0 MiB in 21 packages
#9 DONE 26.0s

#10 [web deps 3/5] WORKDIR /app
#10 DONE 0.0s

#11 [web deps 4/5] COPY package.json package-lock.json* ./
#11 DONE 0.0s

#12 [web deps 5/5] RUN npm ci
#12 2.766 npm warn deprecated uuid@8.3.2: uuid@10 and below is no longer supported.  For ESM codebases, update to uuid@latest.  For CommonJS codebases, use uuid@11 (but be aware this version will likely be deprecated in 2028).
#12 2.784 npm warn deprecated rimraf@3.0.2: Rimraf versions prior to v4 are no longer supported
#12 5.395 npm warn deprecated inflight@1.0.6: This module is not supported, and leaks memory. Do not use it. Check out lru-cache if you want a good and tested way to coalesce async requests by a key value, which is much more comprehensive and powerful.
#12 5.547 npm warn deprecated glob@10.3.10: Old versions of glob are not supported, and contain widely publicized security vulnerabilities, which have been fixed in the current version. Please update. Support for old versions may be purchased (at exorbitant rates) by contacting i@izs.me
#12 6.374 npm warn deprecated eslint@8.57.1: This version is no longer supported. Please see https://eslint.org/version-support for other options.
#12 7.568 npm warn deprecated @react-email/text@0.1.6: Package no longer supported. Contact Support at https://www.npmjs.com/support for more info.
#12 7.657 npm warn deprecated @react-email/html@0.0.12: Package no longer supported. Contact Support at https://www.npmjs.com/support for more info.
#12 7.681 npm warn deprecated @react-email/section@0.0.17: Package no longer supported. Contact Support at https://www.npmjs.com/support for more info.
#12 7.709 npm warn deprecated @react-email/img@0.0.12: Package no longer supported. Contact Support at https://www.npmjs.com/support for more info.
#12 7.710 npm warn deprecated @react-email/markdown@0.0.18: Package no longer supported. Contact Support at https://www.npmjs.com/support for more info.
#12 7.711 npm warn deprecated @react-email/row@0.0.13: Package no longer supported. Contact Support at https://www.npmjs.com/support for more info.
#12 7.729 npm warn deprecated @react-email/font@0.0.10: Package no longer supported. Contact Support at https://www.npmjs.com/support for more info.
#12 7.744 npm warn deprecated @react-email/preview@0.0.14: Package no longer supported. Contact Support at https://www.npmjs.com/support for more info.
#12 7.748 npm warn deprecated @react-email/link@0.0.13: Package no longer supported. Contact Support at https://www.npmjs.com/support for more info.
#12 7.882 npm warn deprecated @react-email/components@1.0.12: Package no longer supported. Contact Support at https://www.npmjs.com/support for more info.
#12 7.935 npm warn deprecated @react-email/head@0.0.13: Package no longer supported. Contact Support at https://www.npmjs.com/support for more info.
#12 7.952 npm warn deprecated @react-email/tailwind@2.0.7: Package no longer supported. Contact Support at https://www.npmjs.com/support for more info.
#12 7.981 npm warn deprecated @react-email/button@0.2.1: Package no longer supported. Contact Support at https://www.npmjs.com/support for more info.
#12 8.017 npm warn deprecated @react-email/heading@0.0.16: Package no longer supported. Contact Support at https://www.npmjs.com/support for more info.
#12 8.081 npm warn deprecated @react-email/hr@0.0.12: Package no longer supported. Contact Support at https://www.npmjs.com/support for more info.
#12 8.183 npm warn deprecated @react-email/column@0.0.14: Package no longer supported. Contact Support at https://www.npmjs.com/support for more info.
#12 8.184 npm warn deprecated @react-email/container@0.0.16: Package no longer supported. Contact Support at https://www.npmjs.com/support for more info.
#12 8.200 npm warn deprecated @react-email/code-inline@0.0.6: Package no longer supported. Contact Support at https://www.npmjs.com/support for more info.
#12 8.200 npm warn deprecated @react-email/body@0.3.0: Package no longer supported. Contact Support at https://www.npmjs.com/support for more info.
#12 8.220 npm warn deprecated @humanwhocodes/object-schema@2.0.3: Use @eslint/object-schema instead
#12 8.293 npm warn deprecated @humanwhocodes/config-array@0.13.0: Use @eslint/config-array instead
#12 9.304 npm warn deprecated @react-email/code-block@0.2.1: Package no longer supported. Contact Support at https://www.npmjs.com/support for more info.
#12 9.478 npm warn deprecated glob@7.2.3: Old versions of glob are not supported, and contain widely publicized security vulnerabilities, which have been fixed in the current version. Please update. Support for old versions may be purchased (at exorbitant rates) by contacting i@izs.me
#12 36.60 
#12 36.60 added 560 packages, and audited 561 packages in 36s
#12 36.60 
#12 36.60 196 packages are looking for funding
#12 36.60   run `npm fund` for details
#12 36.74 
#12 36.74 7 vulnerabilities (3 moderate, 4 high)
#12 36.74 
#12 36.74 To address all issues (including breaking changes), run:
#12 36.74   npm audit fix --force
#12 36.74 
#12 36.74 Run `npm audit` for details.
#12 36.74 npm notice
#12 36.74 npm notice New major version of npm available! 10.9.8 -> 12.0.1
#12 36.74 npm notice Changelog: https://github.com/npm/cli/releases/tag/v12.0.1
#12 36.74 npm notice To update run: npm install -g npm@12.0.1
#12 36.74 npm notice
#12 DONE 37.1s

#13 [web deps 4/5] COPY package.json package-lock.json* ./
#13 CACHED

#14 [web deps 5/5] RUN npm ci
#14 CACHED

#15 [web builder 3/5] COPY --from=deps /app/node_modules ./node_modules
#15 CANCELED

#16 [web builder 3/5] COPY --from=deps /app/node_modules ./node_modules
#16 DONE 6.0s

#17 [web builder 4/5] COPY . .
#17 DONE 0.3s

#18 [web builder 5/5] RUN npm run build
#18 0.863 
#18 0.863 > mystery_message@0.1.0 build
#18 0.863 > next build
#18 0.863 
#18 1.606   ▲ Next.js 14.2.35
#18 1.606 
#18 1.622    Creating an optimized production build ...
#18 23.21  ✓ Compiled successfully
#18 23.21    Linting and checking validity of types ...
#18 29.90    Collecting page data ...
#18 32.18  ⚠ Using edge runtime on a page currently disables static generation for that page
#18 32.81 Error: Missing API key. Pass it to the constructor `new Resend("re_123")`
#18 32.81     at new ed (/app/.next/server/app/api/signup/route.js:5:32485)
#18 32.81     at 48082 (/app/.next/server/app/api/signup/route.js:5:35132)
#18 32.81     at t (/app/.next/server/webpack-runtime.js:1:128)
#18 32.81     at /app/.next/server/app/api/signup/route.js:1:13694
#18 32.81     at t.a (/app/.next/server/webpack-runtime.js:1:891)
#18 32.81     at 90020 (/app/.next/server/app/api/signup/route.js:1:13650)
#18 32.81     at t (/app/.next/server/webpack-runtime.js:1:128)
#18 32.81     at /app/.next/server/app/api/signup/route.js:1:12444
#18 32.81     at t.a (/app/.next/server/webpack-runtime.js:1:891)
#18 32.81     at 27750 (/app/.next/server/app/api/signup/route.js:1:12358)
#18 32.81 
#18 32.81 > Build error occurred
#18 32.82 Error: Failed to collect page data for /api/signup
#18 32.82     at /app/node_modules/next/dist/build/utils.js:1269:15
#18 32.82     at process.processTicksAndRejections (node:internal/process/task_queues:103:5) {
#18 32.82   type: 'Error'
#18 32.82 }
#18 32.91 npm notice
#18 32.91 npm notice New major version of npm available! 10.9.8 -> 12.0.1
#18 32.91 npm notice Changelog: https://github.com/npm/cli/releases/tag/v12.0.1
#18 32.91 npm notice To update run: npm install -g npm@12.0.1
#18 32.91 npm notice
#18 ERROR: process "/bin/sh -c npm run build" did not complete successfully: exit code: 1
------
 > [web builder 5/5] RUN npm run build:
32.82 Error: Failed to collect page data for /api/signup
32.82     at /app/node_modules/next/dist/build/utils.js:1269:15
32.82     at process.processTicksAndRejections (node:internal/process/task_queues:103:5) {
32.82   type: 'Error'
32.82 }
32.91 npm notice
32.91 npm notice New major version of npm available! 10.9.8 -> 12.0.1
32.91 npm notice Changelog: https://github.com/npm/cli/releases/tag/v12.0.1
32.91 npm notice To update run: npm install -g npm@12.0.1
32.91 npm notice
------
failed to solve: process "/bin/sh -c npm run build" did not complete successfully: exit code: 1
